{"level":"debug","message":"1","timestamp":"2015-02-25T16:45:16.169Z"}
{"level":"debug","message":"2","timestamp":"2015-02-25T17:04:09.662Z"}
{"level":"error","message":"BATMAN","timestamp":"2015-02-25T17:04:09.664Z"}
{"level":"debug","message":"2","timestamp":"2015-02-25T17:05:31.930Z"}
{"level":"error","message":"BATMAN","timestamp":"2015-02-25T17:05:31.932Z"}
{"level":"debug","message":"2","timestamp":"2015-02-25T17:05:33.956Z"}
{"level":"error","message":"BATMAN","timestamp":"2015-02-25T17:05:33.959Z"}
{"level":"debug","message":"2","timestamp":"2015-02-25T17:07:02.318Z"}
{"level":"error","message":"BATMAN","timestamp":"2015-02-25T17:07:02.320Z"}
{"level":"debug","message":"1","timestamp":"2015-02-25T18:35:15.565Z"}
{"level":"error","message":"BATMAN","timestamp":"2015-02-25T18:35:15.566Z"}
{"level":"error","timestamp":"2015-03-02T02:50:11.068Z"}
{"level":"error","timestamp":"2015-03-02T02:54:54.535Z"}
{"level":"debug","message":"undefined","timestamp":"2015-03-02T03:02:07.341Z"}
{"level":"error","message":"BATMAN","timestamp":"2015-03-02T03:02:07.343Z"}
{"level":"error","message":"FAILURE","timestamp":"2015-03-02T05:50:04.144Z"}
{"level":"error","message":"FAILURE","timestamp":"2015-03-02T05:50:04.148Z"}
{"level":"error","message":"FAILURE","timestamp":"2015-03-02T05:50:04.150Z"}
{"level":"error","message":"FAILURE","timestamp":"2015-03-02T05:50:04.151Z"}
{"level":"error","message":"FAILURE","timestamp":"2015-03-02T05:50:04.153Z"}
{"level":"error","timestamp":"2015-03-02T06:17:02.326Z"}
{"level":"error","timestamp":"2015-03-02T06:17:02.336Z"}
{"level":"error","timestamp":"2015-03-02T06:17:02.344Z"}
{"level":"error","timestamp":"2015-03-02T06:17:02.352Z"}
{"level":"error","timestamp":"2015-03-02T06:17:02.358Z"}
{"level":"error","timestamp":"2015-03-02T06:19:44.892Z"}
{"level":"error","timestamp":"2015-03-02T06:19:57.478Z"}
{"level":"error","message":"min or max number is not a valid number","timestamp":"2015-03-02T06:20:34.868Z"}
